# JRE version: OpenJDK Runtime Environment (8.0_412-b09) (build 1.8.0_412-b09)
# Java VM: OpenJDK 64-Bit Server VM (25.412-b09 mixed mode bsd-aarch64 compressed oops)
Heap:
 PSYoungGen      total 236032K, used 149366K [0x000000076ab00000, 0x000000077c000000, 0x00000007c0000000)
  eden space 225280K, 61% used [0x000000076ab00000,0x00000007732609e8,0x0000000778700000)
  from space 10752K, 99% used [0x000000077b580000,0x000000077bffd0d8,0x000000077c000000)
  to   space 10752K, 0% used [0x000000077ab00000,0x000000077ab00000,0x000000077b580000)
 ParOldGen       total 87040K, used 5813K [0x00000006c0000000, 0x00000006c5500000, 0x000000076ab00000)
  object space 87040K, 6% used [0x00000006c0000000,0x00000006c05ad688,0x00000006c5500000)
 Metaspace       used 30163K, capacity 32032K, committed 32256K, reserved 1077248K
  class space    used 3763K, capacity 4096K, committed 4096K, reserved 1048576K
GC Heap History (10 events):
Event: 0.490 GC heap before
{Heap before GC invocations=1 (full 0):
 PSYoungGen      total 76288K, used 65536K [0x000000076ab00000, 0x0000000770000000, 0x00000007c0000000)
  eden space 65536K, 100% used [0x000000076ab00000,0x000000076eb00000,0x000000076eb00000)
  from space 10752K, 0% used [0x000000076f580000,0x000000076f580000,0x0000000770000000)
  to   space 10752K, 0% used [0x000000076eb00000,0x000000076eb00000,0x000000076f580000)
 ParOldGen       total 175104K, used 0K [0x00000006c0000000, 0x00000006cab00000, 0x000000076ab00000)
  object space 175104K, 0% used [0x00000006c0000000,0x00000006c0000000,0x00000006cab00000)
 Metaspace       used 12363K, capacity 12824K, committed 12928K, reserved 1060864K
  class space    used 1461K, capacity 1588K, committed 1664K, reserved 1048576K
Event: 0.496 GC heap after
Heap after GC invocations=1 (full 0):
 PSYoungGen      total 76288K, used 6831K [0x000000076ab00000, 0x0000000774000000, 0x00000007c0000000)
  eden space 65536K, 0% used [0x000000076ab00000,0x000000076ab00000,0x000000076eb00000)
  from space 10752K, 63% used [0x000000076eb00000,0x000000076f1abc78,0x000000076f580000)
  to   space 10752K, 0% used [0x0000000773580000,0x0000000773580000,0x0000000774000000)
 ParOldGen       total 175104K, used 16K [0x00000006c0000000, 0x00000006cab00000, 0x000000076ab00000)
  object space 175104K, 0% used [0x00000006c0000000,0x00000006c0004000,0x00000006cab00000)
 Metaspace       used 12363K, capacity 12824K, committed 12928K, reserved 1060864K
  class space    used 1461K, capacity 1588K, committed 1664K, reserved 1048576K
}
Event: 0.757 GC heap before
{Heap before GC invocations=2 (full 0):
 PSYoungGen      total 76288K, used 72367K [0x000000076ab00000, 0x0000000774000000, 0x00000007c0000000)
  eden space 65536K, 100% used [0x000000076ab00000,0x000000076eb00000,0x000000076eb00000)
  from space 10752K, 63% used [0x000000076eb00000,0x000000076f1abc78,0x000000076f580000)
  to   space 10752K, 0% used [0x0000000773580000,0x0000000773580000,0x0000000774000000)
 ParOldGen       total 175104K, used 16K [0x00000006c0000000, 0x00000006cab00000, 0x000000076ab00000)
  object space 175104K, 0% used [0x00000006c0000000,0x00000006c0004000,0x00000006cab00000)
 Metaspace       used 18989K, capacity 19818K, committed 19968K, reserved 1067008K
  class space    used 2335K, capacity 2525K, committed 2560K, reserved 1048576K
Event: 0.767 GC heap after
Heap after GC invocations=2 (full 0):
 PSYoungGen      total 141824K, used 9406K [0x000000076ab00000, 0x0000000774000000, 0x00000007c0000000)
  eden space 131072K, 0% used [0x000000076ab00000,0x000000076ab00000,0x0000000772b00000)
  from space 10752K, 87% used [0x0000000773580000,0x0000000773eaf8b8,0x0000000774000000)
  to   space 10752K, 0% used [0x0000000772b00000,0x0000000772b00000,0x0000000773580000)
 ParOldGen       total 175104K, used 24K [0x00000006c0000000, 0x00000006cab00000, 0x000000076ab00000)
  object space 175104K, 0% used [0x00000006c0000000,0x00000006c0006000,0x00000006cab00000)
 Metaspace       used 18989K, capacity 19818K, committed 19968K, reserved 1067008K
  class space    used 2335K, capacity 2525K, committed 2560K, reserved 1048576K
}
Event: 0.796 GC heap before
{Heap before GC invocations=3 (full 0):
 PSYoungGen      total 141824K, used 26079K [0x000000076ab00000, 0x0000000774000000, 0x00000007c0000000)
  eden space 131072K, 12% used [0x000000076ab00000,0x000000076bb48690,0x0000000772b00000)
  from space 10752K, 87% used [0x0000000773580000,0x0000000773eaf8b8,0x0000000774000000)
  to   space 10752K, 0% used [0x0000000772b00000,0x0000000772b00000,0x0000000773580000)
 ParOldGen       total 175104K, used 24K [0x00000006c0000000, 0x00000006cab00000, 0x000000076ab00000)
  object space 175104K, 0% used [0x00000006c0000000,0x00000006c0006000,0x00000006cab00000)
 Metaspace       used 20194K, capacity 21094K, committed 21248K, reserved 1067008K
  class space    used 2490K, capacity 2695K, committed 2816K, reserved 1048576K
Event: 0.800 GC heap after
Heap after GC invocations=3 (full 0):
 PSYoungGen      total 141824K, used 5757K [0x000000076ab00000, 0x000000077c000000, 0x00000007c0000000)
  eden space 131072K, 0% used [0x000000076ab00000,0x000000076ab00000,0x0000000772b00000)
  from space 10752K, 53% used [0x0000000772b00000,0x000000077309f7b0,0x0000000773580000)
  to   space 10752K, 0% used [0x000000077b580000,0x000000077b580000,0x000000077c000000)
 ParOldGen       total 175104K, used 32K [0x00000006c0000000, 0x00000006cab00000, 0x000000076ab00000)
  object space 175104K, 0% used [0x00000006c0000000,0x00000006c0008000,0x00000006cab00000)
 Metaspace       used 20194K, capacity 21094K, committed 21248K, reserved 1067008K
  class space    used 2490K, capacity 2695K, committed 2816K, reserved 1048576K
}
Event: 0.800 GC heap before
{Heap before GC invocations=4 (full 1):
 PSYoungGen      total 141824K, used 5757K [0x000000076ab00000, 0x000000077c000000, 0x00000007c0000000)
  eden space 131072K, 0% used [0x000000076ab00000,0x000000076ab00000,0x0000000772b00000)
  from space 10752K, 53% used [0x0000000772b00000,0x000000077309f7b0,0x0000000773580000)
  to   space 10752K, 0% used [0x000000077b580000,0x000000077b580000,0x000000077c000000)
 ParOldGen       total 175104K, used 32K [0x00000006c0000000, 0x00000006cab00000, 0x000000076ab00000)
  object space 175104K, 0% used [0x00000006c0000000,0x00000006c0008000,0x00000006cab00000)
 Metaspace       used 20194K, capacity 21094K, committed 21248K, reserved 1067008K
  class space    used 2490K, capacity 2695K, committed 2816K, reserved 1048576K
Event: 0.814 GC heap after
Heap after GC invocations=4 (full 1):
 PSYoungGen      total 141824K, used 0K [0x000000076ab00000, 0x000000077c000000, 0x00000007c0000000)
  eden space 131072K, 0% used [0x000000076ab00000,0x000000076ab00000,0x0000000772b00000)
  from space 10752K, 0% used [0x0000000772b00000,0x0000000772b00000,0x0000000773580000)
  to   space 10752K, 0% used [0x000000077b580000,0x000000077b580000,0x000000077c000000)
 ParOldGen       total 87040K, used 5505K [0x00000006c0000000, 0x00000006c5500000, 0x000000076ab00000)
  object space 87040K, 6% used [0x00000006c0000000,0x00000006c0560428,0x00000006c5500000)
 Metaspace       used 20194K, capacity 21094K, committed 21248K, reserved 1067008K
  class space    used 2490K, capacity 2695K, committed 2816K, reserved 1048576K
}
Event: 1.326 GC heap before
{Heap before GC invocations=5 (full 1):
 PSYoungGen      total 141824K, used 131072K [0x000000076ab00000, 0x000000077c000000, 0x00000007c0000000)
  eden space 131072K, 100% used [0x000000076ab00000,0x0000000772b00000,0x0000000772b00000)
  from space 10752K, 0% used [0x0000000772b00000,0x0000000772b00000,0x0000000773580000)
  to   space 10752K, 0% used [0x000000077b580000,0x000000077b580000,0x000000077c000000)
 ParOldGen       total 87040K, used 5505K [0x00000006c0000000, 0x00000006c5500000, 0x000000076ab00000)
  object space 87040K, 6% used [0x00000006c0000000,0x00000006c0560428,0x00000006c5500000)
 Metaspace       used 26902K, capacity 28442K, committed 28544K, reserved 1075200K
  class space    used 3391K, capacity 3693K, committed 3712K, reserved 1048576K
Event: 1.332 GC heap after
Heap after GC invocations=5 (full 1):
 PSYoungGen      total 236032K, used 10740K [0x000000076ab00000, 0x000000077c000000, 0x00000007c0000000)
  eden space 225280K, 0% used [0x000000076ab00000,0x000000076ab00000,0x0000000778700000)
  from space 10752K, 99% used [0x000000077b580000,0x000000077bffd0d8,0x000000077c000000)
  to   space 10752K, 0% used [0x000000077ab00000,0x000000077ab00000,0x000000077b580000)
 ParOldGen       total 87040K, used 5813K [0x00000006c0000000, 0x00000006c5500000, 0x000000076ab00000)
  object space 87040K, 6% used [0x00000006c0000000,0x00000006c05ad688,0x00000006c5500000)
 Metaspace       used 26902K, capacity 28442K, committed 28544K, reserved 1075200K
  class space    used 3391K, capacity 3693K, committed 3712K, reserved 1048576K
}

